INFO:root:<<<<<<<<<<<<<<<<<<<<<<   Baseline    >>>>>>>>>>>>>>>>>>>>>>>
INFO:root:Prefix size: 2
INFO:root:Traces verified: 104 out of 640
INFO:root:Testing set: 
INFO:root:Case No. 1286: [(0, 0), (1, 4), (2, 1), (5, 1), (1, 0), (1, 0)]
INFO:root:Case No. 1290: [(0, 4), (1, 4), (2, 1), (5, 1), (1, 0), (1, 0)]
INFO:root:Case No. 1294: [(0, 1), (1, 3), (2, 1), (5, 1), (1, 0), (1, 0)]
INFO:root:Case No. 1298: [(0, 1), (1, 4), (2, 1), (5, 1), (1, 0), (1, 0)]
INFO:root:Case No. 1302: [(0, 2), (1, 4), (2, 1), (5, 1), (1, 0), (1, 0)]
INFO:root:Case No. 1306: [(0, 2), (1, 3), (2, 1), (5, 1), (1, 0), (1, 0)]
INFO:root:Case No. 1310: [(0, 3), (1, 4), (2, 1), (5, 1), (1, 0), (1, 0)]
INFO:root:Case No. 1314: [(0, 3), (1, 4), (2, 1), (5, 1), (1, 2), (1, 0)]
INFO:root:Case No. 1318: [(0, 0), (1, 0), (2, 1), (5, 1), (1, 1), (1, 0)]
INFO:root:Case No. 1322: [(0, 1), (1, 0), (2, 1), (5, 1), (1, 1), (1, 0)]
INFO:root:Case No. 1326: [(0, 2), (1, 0), (2, 1), (5, 1), (1, 1), (1, 0)]
INFO:root:Case No. 1330: [(0, 3), (1, 0), (2, 1), (5, 1), (1, 1), (1, 0)]
INFO:root:Case No. 1334: [(0, 4), (1, 0), (2, 1), (5, 1), (1, 1), (1, 0)]
INFO:root:Case No. 1338: [(0, 4), (1, 3), (2, 1), (5, 1), (1, 1), (1, 0)]
INFO:root:Case No. 1342: [(0, 0), (1, 1), (2, 1), (5, 1), (1, 1), (1, 0)]
INFO:root:Case No. 1346: [(0, 1), (1, 1), (2, 1), (5, 1), (1, 1), (1, 0)]
INFO:root:Case No. 1350: [(0, 2), (1, 1), (2, 1), (5, 1), (1, 1), (1, 0)]
INFO:root:Case No. 1354: [(0, 3), (1, 1), (2, 1), (5, 1), (1, 1), (1, 0)]
INFO:root:Case No. 1358: [(0, 4), (1, 1), (2, 1), (5, 1), (1, 1), (1, 0)]
INFO:root:Case No. 1362: [(0, 3), (1, 3), (2, 1), (5, 1), (1, 1), (1, 0)]
INFO:root:Case No. 1366: [(0, 0), (1, 2), (2, 1), (5, 1), (1, 1), (1, 0)]
INFO:root:Case No. 1370: [(0, 1), (1, 2), (2, 1), (5, 1), (1, 1), (1, 0)]
INFO:root:Case No. 1374: [(0, 2), (1, 2), (2, 1), (5, 1), (1, 1), (1, 0)]
INFO:root:Case No. 1378: [(0, 3), (1, 2), (2, 1), (5, 1), (1, 1), (1, 0)]
INFO:root:Case No. 1382: [(0, 4), (1, 2), (2, 1), (5, 1), (1, 1), (1, 0)]
INFO:root:Case No. 1386: [(0, 0), (1, 3), (2, 1), (5, 1), (1, 1), (1, 0)]
INFO:root:Case No. 1390: [(0, 0), (1, 4), (2, 1), (5, 1), (1, 1), (1, 0)]
INFO:root:Case No. 1394: [(0, 4), (1, 4), (2, 1), (5, 1), (1, 1), (1, 0)]
INFO:root:Case No. 1398: [(0, 1), (1, 3), (2, 1), (5, 1), (1, 1), (1, 0)]
INFO:root:Case No. 1402: [(0, 1), (1, 4), (2, 1), (5, 1), (1, 1), (1, 0)]
INFO:root:Case No. 1406: [(0, 2), (1, 4), (2, 1), (5, 1), (1, 1), (1, 0)]
INFO:root:Case No. 1410: [(0, 2), (1, 3), (2, 1), (5, 1), (1, 1), (1, 0)]
INFO:root:Case No. 1414: [(0, 3), (1, 4), (2, 1), (5, 1), (1, 1), (1, 0)]
INFO:root:Case No. 1418: [(0, 3), (1, 4), (2, 1), (5, 1), (1, 3), (1, 0)]
INFO:root:Case No. 1422: [(0, 0), (1, 0), (2, 1), (5, 1), (1, 2), (1, 0)]
INFO:root:Case No. 1426: [(0, 1), (1, 0), (2, 1), (5, 1), (1, 2), (1, 0)]
INFO:root:Case No. 1430: [(0, 2), (1, 0), (2, 1), (5, 1), (1, 2), (1, 0)]
INFO:root:Case No. 1434: [(0, 3), (1, 0), (2, 1), (5, 1), (1, 2), (1, 0)]
INFO:root:Case No. 1438: [(0, 4), (1, 0), (2, 1), (5, 1), (1, 2), (1, 0)]
INFO:root:Case No. 1442: [(0, 4), (1, 3), (2, 1), (5, 1), (1, 2), (1, 0)]
INFO:root:Case No. 1446: [(0, 0), (1, 1), (2, 1), (5, 1), (1, 2), (1, 0)]
INFO:root:Case No. 1450: [(0, 1), (1, 1), (2, 1), (5, 1), (1, 2), (1, 0)]
INFO:root:Case No. 1454: [(0, 2), (1, 1), (2, 1), (5, 1), (1, 2), (1, 0)]
INFO:root:Case No. 1458: [(0, 3), (1, 1), (2, 1), (5, 1), (1, 2), (1, 0)]
INFO:root:Case No. 1462: [(0, 4), (1, 1), (2, 1), (5, 1), (1, 2), (1, 0)]
INFO:root:Case No. 1466: [(0, 3), (1, 3), (2, 1), (5, 1), (1, 2), (1, 0)]
INFO:root:Case No. 1470: [(0, 0), (1, 2), (2, 1), (5, 1), (1, 2), (1, 0)]
INFO:root:Case No. 1474: [(0, 1), (1, 2), (2, 1), (5, 1), (1, 2), (1, 0)]
INFO:root:Case No. 1478: [(0, 2), (1, 2), (2, 1), (5, 1), (1, 2), (1, 0)]
INFO:root:Case No. 1482: [(0, 3), (1, 2), (2, 1), (5, 1), (1, 2), (1, 0)]
INFO:root:Case No. 1486: [(0, 4), (1, 2), (2, 1), (5, 1), (1, 2), (1, 0)]
INFO:root:Case No. 1490: [(0, 0), (1, 3), (2, 1), (5, 1), (1, 2), (1, 0)]
INFO:root:Case No. 1494: [(0, 0), (1, 4), (2, 1), (5, 1), (1, 2), (1, 0)]
INFO:root:Case No. 1498: [(0, 4), (1, 4), (2, 1), (5, 1), (1, 2), (1, 0)]
INFO:root:Case No. 1502: [(0, 1), (1, 3), (2, 1), (5, 1), (1, 2), (1, 0)]
INFO:root:Case No. 1506: [(0, 1), (1, 4), (2, 1), (5, 1), (1, 2), (1, 0)]
INFO:root:Case No. 1510: [(0, 2), (1, 4), (2, 1), (5, 1), (1, 2), (1, 0)]
INFO:root:Case No. 1514: [(0, 2), (1, 3), (2, 1), (5, 1), (1, 2), (1, 0)]
INFO:root:Case No. 1518: [(0, 3), (1, 3), (2, 1), (5, 1), (1, 3), (1, 0)]
INFO:root:Case No. 1522: [(0, 0), (1, 0), (2, 1), (5, 1), (1, 4), (1, 0)]
INFO:root:Case No. 1526: [(0, 3), (1, 0), (2, 1), (5, 1), (1, 4), (1, 0)]
INFO:root:Case No. 1530: [(0, 1), (1, 0), (2, 1), (5, 1), (1, 3), (1, 0)]
INFO:root:Case No. 1534: [(0, 1), (1, 0), (2, 1), (5, 1), (1, 4), (1, 0)]
INFO:root:Case No. 1538: [(0, 4), (1, 0), (2, 1), (5, 1), (1, 4), (1, 0)]
INFO:root:Case No. 1542: [(0, 2), (1, 0), (2, 1), (5, 1), (1, 3), (1, 0)]
INFO:root:Case No. 1546: [(0, 2), (1, 0), (2, 1), (5, 1), (1, 4), (1, 0)]
INFO:root:Case No. 1550: [(0, 4), (1, 0), (2, 1), (5, 1), (1, 3), (1, 0)]
INFO:root:Case No. 1554: [(0, 3), (1, 0), (2, 1), (5, 1), (1, 3), (1, 0)]
INFO:root:Case No. 1558: [(0, 4), (1, 1), (2, 1), (5, 1), (1, 4), (1, 0)]
INFO:root:Case No. 1562: [(0, 0), (1, 1), (2, 1), (5, 1), (1, 3), (1, 0)]
INFO:root:Case No. 1566: [(0, 0), (1, 1), (2, 1), (5, 1), (1, 4), (1, 0)]
INFO:root:Case No. 1570: [(0, 4), (1, 1), (2, 1), (5, 1), (1, 3), (1, 0)]
INFO:root:Case No. 1574: [(0, 1), (1, 1), (2, 1), (5, 1), (1, 3), (1, 0)]
INFO:root:Case No. 1578: [(0, 1), (1, 1), (2, 1), (5, 1), (1, 4), (1, 0)]
INFO:root:Case No. 1582: [(0, 2), (1, 1), (2, 1), (5, 1), (1, 3), (1, 0)]
INFO:root:Case No. 1586: [(0, 2), (1, 1), (2, 1), (5, 1), (1, 4), (1, 0)]
INFO:root:Case No. 1590: [(0, 3), (1, 1), (2, 1), (5, 1), (1, 4), (1, 0)]
INFO:root:Case No. 1594: [(0, 3), (1, 1), (2, 1), (5, 1), (1, 3), (1, 0)]
INFO:root:Case No. 1598: [(0, 3), (1, 2), (2, 1), (5, 1), (1, 4), (1, 0)]
INFO:root:Case No. 1602: [(0, 0), (1, 2), (2, 1), (5, 1), (1, 3), (1, 0)]
INFO:root:Case No. 1606: [(0, 0), (1, 2), (2, 1), (5, 1), (1, 4), (1, 0)]
INFO:root:Case No. 1610: [(0, 4), (1, 2), (2, 1), (5, 1), (1, 4), (1, 0)]
INFO:root:Case No. 1614: [(0, 1), (1, 2), (2, 1), (5, 1), (1, 3), (1, 0)]
INFO:root:Case No. 1618: [(0, 1), (1, 2), (2, 1), (5, 1), (1, 4), (1, 0)]
INFO:root:Case No. 1622: [(0, 4), (1, 2), (2, 1), (5, 1), (1, 3), (1, 0)]
INFO:root:Case No. 1626: [(0, 2), (1, 2), (2, 1), (5, 1), (1, 3), (1, 0)]
INFO:root:Case No. 1630: [(0, 2), (1, 2), (2, 1), (5, 1), (1, 4), (1, 0)]
INFO:root:Case No. 1634: [(0, 3), (1, 2), (2, 1), (5, 1), (1, 3), (1, 0)]
INFO:root:Case No. 1638: [(0, 3), (1, 3), (2, 1), (5, 1), (1, 4), (1, 0)]
INFO:root:Case No. 1642: [(0, 0), (1, 3), (2, 1), (5, 1), (1, 3), (1, 0)]
INFO:root:Case No. 1646: [(0, 0), (1, 4), (2, 1), (5, 1), (1, 3), (1, 0)]
INFO:root:Case No. 1650: [(0, 0), (1, 4), (2, 1), (5, 1), (1, 4), (1, 0)]
INFO:root:Case No. 1654: [(0, 0), (1, 3), (2, 1), (5, 1), (1, 4), (1, 0)]
INFO:root:Case No. 1658: [(0, 4), (1, 4), (2, 1), (5, 1), (1, 4), (1, 0)]
INFO:root:Case No. 1662: [(0, 1), (1, 3), (2, 1), (5, 1), (1, 3), (1, 0)]
INFO:root:Case No. 1666: [(0, 1), (1, 4), (2, 1), (5, 1), (1, 3), (1, 0)]
INFO:root:Case No. 1670: [(0, 1), (1, 4), (2, 1), (5, 1), (1, 4), (1, 0)]
INFO:root:Case No. 1674: [(0, 1), (1, 3), (2, 1), (5, 1), (1, 4), (1, 0)]
INFO:root:Case No. 1678: [(0, 4), (1, 4), (2, 1), (5, 1), (1, 3), (1, 0)]
INFO:root:Case No. 1682: [(0, 2), (1, 3), (2, 1), (5, 1), (1, 3), (1, 0)]
INFO:root:Case No. 1686: [(0, 2), (1, 4), (2, 1), (5, 1), (1, 3), (1, 0)]
INFO:root:Case No. 1690: [(0, 2), (1, 4), (2, 1), (5, 1), (1, 4), (1, 0)]
INFO:root:Case No. 1694: [(0, 2), (1, 3), (2, 1), (5, 1), (1, 4), (1, 0)]
INFO:root:Case No. 1698: [(0, 4), (1, 3), (2, 1), (5, 1), (1, 3), (1, 0)]
INFO:root:Predicted -> Case No. 1286: [(0, 0), (1, 4), (1, 1), (-128, 1)] - violated
INFO:root:Predicted -> Case No. 1290: [(0, 4), (1, 4), (2, 1), (5, 1), (1, 1), (1, 0), (1, 0), (-128, 0)] - verified
INFO:root:Predicted -> Case No. 1294: [(0, 1), (1, 3), (2, 1), (5, 1), (1, 1), (1, 0), (1, 0), (-128, 0)] - verified
INFO:root:Predicted -> Case No. 1298: [(0, 1), (1, 4), (1, 1), (-128, 1)] - violated
INFO:root:Predicted -> Case No. 1302: [(0, 2), (1, 4), (2, 1), (5, 1), (1, 2), (1, 0), (1, 0), (-128, 0)] - verified
INFO:root:Predicted -> Case No. 1306: [(0, 2), (1, 3), (1, 1), (-128, 1)] - violated
INFO:root:Predicted -> Case No. 1310: [(0, 3), (1, 4), (1, 1), (-128, 1)] - violated
INFO:root:Predicted -> Case No. 1314: [(0, 3), (1, 4), (2, 1), (5, 1), (1, 2), (1, 0), (1, 0), (-128, 0)] - verified
INFO:root:Predicted -> Case No. 1318: [(0, 0), (1, 0), (1, 1), (-128, 1)] - violated
INFO:root:Predicted -> Case No. 1322: [(0, 1), (1, 0), (1, 1), (-128, 1)] - violated
INFO:root:Predicted -> Case No. 1326: [(0, 2), (1, 0), (1, 1), (-128, 1)] - violated
INFO:root:Predicted -> Case No. 1330: [(0, 3), (1, 0), (1, 1), (-128, 1)] - violated
INFO:root:Predicted -> Case No. 1334: [(0, 4), (1, 0), (1, 1), (-128, 1)] - violated
INFO:root:Predicted -> Case No. 1338: [(0, 4), (1, 3), (1, 1), (-128, 1)] - violated
INFO:root:Predicted -> Case No. 1342: [(0, 0), (1, 1), (1, 1), (-128, 1)] - violated
INFO:root:Predicted -> Case No. 1346: [(0, 1), (1, 1), (1, 1), (-128, 1)] - violated
INFO:root:Predicted -> Case No. 1350: [(0, 2), (1, 1), (1, 1), (-128, 1)] - violated
INFO:root:Predicted -> Case No. 1354: [(0, 3), (1, 1), (1, 1), (1, 1), (1, 0), (1, 0), (-128, 0)] - violated
INFO:root:Predicted -> Case No. 1358: [(0, 4), (1, 1), (1, 1), (1, 1), (1, 0), (1, 0), (-128, 0)] - violated
INFO:root:Predicted -> Case No. 1362: [(0, 3), (1, 3), (1, 1), (-128, 1)] - violated
INFO:root:Predicted -> Case No. 1366: [(0, 0), (1, 2), (1, 1), (-128, 1)] - violated
INFO:root:Predicted -> Case No. 1370: [(0, 1), (1, 2), (1, 1), (-128, 1)] - violated
INFO:root:Predicted -> Case No. 1374: [(0, 2), (1, 2), (2, 1), (5, 1), (1, 2), (1, 0), (1, 0), (-128, 0)] - verified
INFO:root:Predicted -> Case No. 1378: [(0, 3), (1, 2), (2, 1), (5, 1), (1, 2), (1, 0), (1, 0), (-128, 0)] - verified
INFO:root:Predicted -> Case No. 1382: [(0, 4), (1, 2), (1, 1), (-128, 1)] - violated
INFO:root:Predicted -> Case No. 1386: [(0, 0), (1, 3), (1, 1), (-128, 1)] - violated
INFO:root:Predicted -> Case No. 1390: [(0, 0), (1, 4), (2, 1), (5, 1), (1, 2), (1, 0), (1, 0), (-128, 0)] - verified
INFO:root:Predicted -> Case No. 1394: [(0, 4), (1, 4), (1, 1), (-128, 1)] - violated
INFO:root:Predicted -> Case No. 1398: [(0, 1), (1, 3), (1, 1), (-128, 1)] - violated
INFO:root:Predicted -> Case No. 1402: [(0, 1), (1, 4), (1, 1), (-128, 1)] - violated
INFO:root:Predicted -> Case No. 1406: [(0, 2), (1, 4), (2, 1), (5, 1), (1, 2), (1, 0), (1, 0), (-128, 0)] - verified
INFO:root:Predicted -> Case No. 1410: [(0, 2), (1, 3), (1, 1), (-128, 1)] - violated
INFO:root:Predicted -> Case No. 1414: [(0, 3), (1, 4), (2, 1), (5, 1), (1, 2), (1, 0), (1, 0), (-128, 0)] - verified
INFO:root:Predicted -> Case No. 1418: [(0, 3), (1, 4), (1, 1), (-128, 1)] - violated
INFO:root:Predicted -> Case No. 1422: [(0, 0), (1, 0), (2, 1), (5, 1), (1, 1), (1, 0), (1, 0), (-128, 0)] - verified
INFO:root:Predicted -> Case No. 1426: [(0, 1), (1, 0), (2, 1), (5, 1), (1, 1), (1, 0), (1, 0), (-128, 0)] - verified
INFO:root:Predicted -> Case No. 1430: [(0, 2), (1, 0), (2, 1), (5, 1), (1, 2), (1, 0), (1, 0), (-128, 0)] - verified
INFO:root:Predicted -> Case No. 1434: [(0, 3), (1, 0), (2, 1), (5, 1), (1, 1), (1, 0), (1, 0), (-128, 0)] - verified
INFO:root:Predicted -> Case No. 1438: [(0, 4), (1, 0), (2, 1), (5, 1), (1, 1), (1, 0), (1, 0), (-128, 0)] - verified
INFO:root:Predicted -> Case No. 1442: [(0, 4), (1, 3), (1, 1), (-128, 1)] - violated
INFO:root:Predicted -> Case No. 1446: [(0, 0), (1, 1), (1, 1), (-128, 1)] - violated
INFO:root:Predicted -> Case No. 1450: [(0, 1), (1, 1), (2, 1), (5, 1), (1, 1), (1, 0), (1, 0), (-128, 0)] - verified
INFO:root:Predicted -> Case No. 1454: [(0, 2), (1, 1), (2, 1), (5, 1), (1, 2), (1, 0), (1, 0), (-128, 0)] - verified
INFO:root:Predicted -> Case No. 1458: [(0, 3), (1, 1), (1, 1), (-128, 1)] - violated
INFO:root:Predicted -> Case No. 1462: [(0, 4), (1, 1), (1, 1), (-128, 1)] - violated
INFO:root:Predicted -> Case No. 1466: [(0, 3), (1, 3), (1, 1), (-128, 1)] - violated
INFO:root:Predicted -> Case No. 1470: [(0, 0), (1, 2), (2, 1), (5, 1), (1, 1), (1, 0), (1, 0), (-128, 0)] - verified
INFO:root:Predicted -> Case No. 1474: [(0, 1), (1, 2), (1, 1), (-128, 1)] - violated
INFO:root:Predicted -> Case No. 1478: [(0, 2), (1, 2), (1, 1), (-128, 1)] - violated
INFO:root:Predicted -> Case No. 1482: [(0, 3), (1, 2), (2, 1), (5, 1), (1, 1), (1, 0), (1, 0), (-128, 0)] - verified
INFO:root:Predicted -> Case No. 1486: [(0, 4), (1, 2), (2, 1), (5, 1), (1, 1), (1, 0), (1, 0), (-128, 0)] - verified
INFO:root:Predicted -> Case No. 1490: [(0, 0), (1, 3), (1, 1), (-128, 1)] - violated
INFO:root:Predicted -> Case No. 1494: [(0, 0), (1, 4), (2, 1), (5, 1), (1, 1), (1, 0), (1, 0), (-128, 0)] - verified
INFO:root:Predicted -> Case No. 1498: [(0, 4), (1, 4), (1, 1), (1, 1), (1, 0), (1, 0), (-128, 0)] - violated
INFO:root:Predicted -> Case No. 1502: [(0, 1), (1, 3), (1, 1), (-128, 1)] - violated
INFO:root:Predicted -> Case No. 1506: [(0, 1), (1, 4), (1, 1), (-128, 1)] - violated
INFO:root:Predicted -> Case No. 1510: [(0, 2), (1, 4), (1, 1), (-128, 1)] - violated
INFO:root:Predicted -> Case No. 1514: [(0, 2), (1, 3), (1, 1), (-128, 1)] - violated
INFO:root:Predicted -> Case No. 1518: [(0, 3), (1, 3), (1, 1), (1, 1), (1, 0), (1, 0), (-128, 0)] - violated
INFO:root:Predicted -> Case No. 1522: [(0, 0), (1, 0), (1, 1), (-128, 1)] - violated
INFO:root:Predicted -> Case No. 1526: [(0, 3), (1, 0), (1, 1), (-128, 1)] - violated
INFO:root:Predicted -> Case No. 1530: [(0, 1), (1, 0), (1, 1), (-128, 1)] - violated
INFO:root:Predicted -> Case No. 1534: [(0, 1), (1, 0), (1, 1), (-128, 1)] - violated
INFO:root:Predicted -> Case No. 1538: [(0, 4), (1, 0), (1, 1), (-128, 1)] - violated
INFO:root:Predicted -> Case No. 1542: [(0, 2), (1, 0), (1, 1), (-128, 1)] - violated
INFO:root:Predicted -> Case No. 1546: [(0, 2), (1, 0), (1, 1), (-128, 1)] - violated
INFO:root:Predicted -> Case No. 1550: [(0, 4), (1, 0), (2, 1), (5, 1), (1, 1), (1, 0), (1, 0), (-128, 0)] - verified
INFO:root:Predicted -> Case No. 1554: [(0, 3), (1, 0), (1, 1), (-128, 1)] - violated
INFO:root:Predicted -> Case No. 1558: [(0, 4), (1, 1), (2, 1), (5, 1), (1, 2), (1, 0), (1, 0), (-128, 0)] - verified
INFO:root:Predicted -> Case No. 1562: [(0, 0), (1, 1), (2, 1), (5, 1), (1, 1), (1, 0), (1, 0), (-128, 0)] - verified
INFO:root:Predicted -> Case No. 1566: [(0, 0), (1, 1), (1, 1), (-128, 1)] - violated
INFO:root:Predicted -> Case No. 1570: [(0, 4), (1, 1), (1, 1), (-128, 1)] - violated
INFO:root:Predicted -> Case No. 1574: [(0, 1), (1, 1), (2, 1), (5, 1), (1, 1), (1, 0), (1, 0), (-128, 0)] - verified
INFO:root:Predicted -> Case No. 1578: [(0, 1), (1, 1), (2, 1), (5, 1), (1, 2), (1, 0), (1, 0), (-128, 0)] - verified
INFO:root:Predicted -> Case No. 1582: [(0, 2), (1, 1), (2, 1), (5, 1), (1, 2), (1, 0), (1, 0), (-128, 0)] - verified
INFO:root:Predicted -> Case No. 1586: [(0, 2), (1, 1), (1, 1), (-128, 1)] - violated
INFO:root:Predicted -> Case No. 1590: [(0, 3), (1, 1), (2, 1), (5, 1), (1, 2), (1, 0), (1, 0), (-128, 0)] - verified
INFO:root:Predicted -> Case No. 1594: [(0, 3), (1, 1), (2, 1), (5, 1), (1, 2), (1, 0), (1, 0), (-128, 0)] - verified
INFO:root:Predicted -> Case No. 1598: [(0, 3), (1, 2), (1, 1), (-128, 1)] - violated
INFO:root:Predicted -> Case No. 1602: [(0, 0), (1, 2), (1, 1), (-128, 1)] - violated
INFO:root:Predicted -> Case No. 1606: [(0, 0), (1, 2), (1, 1), (-128, 1)] - violated
INFO:root:Predicted -> Case No. 1610: [(0, 4), (1, 2), (2, 1), (5, 1), (1, 2), (1, 0), (1, 0), (-128, 0)] - verified
INFO:root:Predicted -> Case No. 1614: [(0, 1), (1, 2), (2, 1), (5, 1), (1, 2), (1, 0), (1, 0), (-128, 0)] - verified
INFO:root:Predicted -> Case No. 1618: [(0, 1), (1, 2), (1, 1), (-128, 1)] - violated
INFO:root:Predicted -> Case No. 1622: [(0, 4), (1, 2), (1, 1), (-128, 1)] - violated
INFO:root:Predicted -> Case No. 1626: [(0, 2), (1, 2), (2, 1), (5, 1), (1, 2), (1, 0), (1, 0), (-128, 0)] - verified
INFO:root:Predicted -> Case No. 1630: [(0, 2), (1, 2), (1, 1), (-128, 1)] - violated
INFO:root:Predicted -> Case No. 1634: [(0, 3), (1, 2), (2, 1), (5, 1), (1, 2), (1, 0), (1, 0), (-128, 0)] - verified
INFO:root:Predicted -> Case No. 1638: [(0, 3), (1, 3), (2, 1), (5, 1), (1, 2), (1, 0), (1, 0), (-128, 0)] - verified
INFO:root:Predicted -> Case No. 1642: [(0, 0), (1, 3), (1, 1), (-128, 1)] - violated
INFO:root:Predicted -> Case No. 1646: [(0, 0), (1, 4), (1, 1), (-128, 1)] - violated
INFO:root:Predicted -> Case No. 1650: [(0, 0), (1, 4), (1, 1), (-128, 1)] - violated
INFO:root:Predicted -> Case No. 1654: [(0, 0), (1, 3), (1, 1), (-128, 1)] - violated
INFO:root:Predicted -> Case No. 1658: [(0, 4), (1, 4), (1, 1), (-128, 1)] - violated
INFO:root:Predicted -> Case No. 1662: [(0, 1), (1, 3), (1, 1), (-128, 1)] - violated
INFO:root:Predicted -> Case No. 1666: [(0, 1), (1, 4), (1, 1), (-128, 1)] - violated
INFO:root:Predicted -> Case No. 1670: [(0, 1), (1, 4), (1, 1), (1, 1), (1, 0), (1, 0), (-128, 0)] - violated
INFO:root:Predicted -> Case No. 1674: [(0, 1), (1, 3), (2, 1), (5, 1), (1, 2), (1, 0), (1, 0), (-128, 0)] - verified
INFO:root:Predicted -> Case No. 1678: [(0, 4), (1, 4), (1, 1), (-128, 1)] - violated
INFO:root:Predicted -> Case No. 1682: [(0, 2), (1, 3), (1, 1), (-128, 1)] - violated
INFO:root:Predicted -> Case No. 1686: [(0, 2), (1, 4), (1, 1), (-128, 1)] - violated
INFO:root:Predicted -> Case No. 1690: [(0, 2), (1, 4), (1, 1), (-128, 1)] - violated
INFO:root:Predicted -> Case No. 1694: [(0, 2), (1, 3), (1, 1), (1, 1), (1, 0), (1, 0), (-128, 0)] - violated
INFO:root:Predicted -> Case No. 1698: [(0, 4), (1, 3), (1, 1), (1, 1), (1, 0), (1, 0), (-128, 0)] - violated
INFO:root:Prefix size: 3
INFO:root:Traces verified: 0 out of 640
INFO:root:Testing set: 
INFO:root:Prefix size: 4
INFO:root:Traces verified: 0 out of 640
INFO:root:Testing set: 
INFO:root:<<<<<<<<<<<<<<<<<<<<<<   LTL    >>>>>>>>>>>>>>>>>>>>>>>
INFO:root:Prefix size: 2
INFO:root:Traces verified: 104 out of 640
INFO:root:Testing set: 
INFO:root:Case No. 1286: [(0, 0), (1, 4), (2, 1), (5, 1), (1, 0), (1, 0)]
INFO:root:Case No. 1290: [(0, 4), (1, 4), (2, 1), (5, 1), (1, 0), (1, 0)]
INFO:root:Case No. 1294: [(0, 1), (1, 3), (2, 1), (5, 1), (1, 0), (1, 0)]
INFO:root:Case No. 1298: [(0, 1), (1, 4), (2, 1), (5, 1), (1, 0), (1, 0)]
INFO:root:Case No. 1302: [(0, 2), (1, 4), (2, 1), (5, 1), (1, 0), (1, 0)]
INFO:root:Case No. 1306: [(0, 2), (1, 3), (2, 1), (5, 1), (1, 0), (1, 0)]
INFO:root:Case No. 1310: [(0, 3), (1, 4), (2, 1), (5, 1), (1, 0), (1, 0)]
INFO:root:Case No. 1314: [(0, 3), (1, 4), (2, 1), (5, 1), (1, 2), (1, 0)]
INFO:root:Case No. 1318: [(0, 0), (1, 0), (2, 1), (5, 1), (1, 1), (1, 0)]
INFO:root:Case No. 1322: [(0, 1), (1, 0), (2, 1), (5, 1), (1, 1), (1, 0)]
INFO:root:Case No. 1326: [(0, 2), (1, 0), (2, 1), (5, 1), (1, 1), (1, 0)]
INFO:root:Case No. 1330: [(0, 3), (1, 0), (2, 1), (5, 1), (1, 1), (1, 0)]
INFO:root:Case No. 1334: [(0, 4), (1, 0), (2, 1), (5, 1), (1, 1), (1, 0)]
INFO:root:Case No. 1338: [(0, 4), (1, 3), (2, 1), (5, 1), (1, 1), (1, 0)]
INFO:root:Case No. 1342: [(0, 0), (1, 1), (2, 1), (5, 1), (1, 1), (1, 0)]
INFO:root:Case No. 1346: [(0, 1), (1, 1), (2, 1), (5, 1), (1, 1), (1, 0)]
INFO:root:Case No. 1350: [(0, 2), (1, 1), (2, 1), (5, 1), (1, 1), (1, 0)]
INFO:root:Case No. 1354: [(0, 3), (1, 1), (2, 1), (5, 1), (1, 1), (1, 0)]
INFO:root:Case No. 1358: [(0, 4), (1, 1), (2, 1), (5, 1), (1, 1), (1, 0)]
INFO:root:Case No. 1362: [(0, 3), (1, 3), (2, 1), (5, 1), (1, 1), (1, 0)]
INFO:root:Case No. 1366: [(0, 0), (1, 2), (2, 1), (5, 1), (1, 1), (1, 0)]
INFO:root:Case No. 1370: [(0, 1), (1, 2), (2, 1), (5, 1), (1, 1), (1, 0)]
INFO:root:Case No. 1374: [(0, 2), (1, 2), (2, 1), (5, 1), (1, 1), (1, 0)]
INFO:root:Case No. 1378: [(0, 3), (1, 2), (2, 1), (5, 1), (1, 1), (1, 0)]
INFO:root:Case No. 1382: [(0, 4), (1, 2), (2, 1), (5, 1), (1, 1), (1, 0)]
INFO:root:Case No. 1386: [(0, 0), (1, 3), (2, 1), (5, 1), (1, 1), (1, 0)]
INFO:root:Case No. 1390: [(0, 0), (1, 4), (2, 1), (5, 1), (1, 1), (1, 0)]
INFO:root:Case No. 1394: [(0, 4), (1, 4), (2, 1), (5, 1), (1, 1), (1, 0)]
INFO:root:Case No. 1398: [(0, 1), (1, 3), (2, 1), (5, 1), (1, 1), (1, 0)]
INFO:root:Case No. 1402: [(0, 1), (1, 4), (2, 1), (5, 1), (1, 1), (1, 0)]
INFO:root:Case No. 1406: [(0, 2), (1, 4), (2, 1), (5, 1), (1, 1), (1, 0)]
INFO:root:Case No. 1410: [(0, 2), (1, 3), (2, 1), (5, 1), (1, 1), (1, 0)]
INFO:root:Case No. 1414: [(0, 3), (1, 4), (2, 1), (5, 1), (1, 1), (1, 0)]
INFO:root:Case No. 1418: [(0, 3), (1, 4), (2, 1), (5, 1), (1, 3), (1, 0)]
INFO:root:Case No. 1422: [(0, 0), (1, 0), (2, 1), (5, 1), (1, 2), (1, 0)]
INFO:root:Case No. 1426: [(0, 1), (1, 0), (2, 1), (5, 1), (1, 2), (1, 0)]
INFO:root:Case No. 1430: [(0, 2), (1, 0), (2, 1), (5, 1), (1, 2), (1, 0)]
INFO:root:Case No. 1434: [(0, 3), (1, 0), (2, 1), (5, 1), (1, 2), (1, 0)]
INFO:root:Case No. 1438: [(0, 4), (1, 0), (2, 1), (5, 1), (1, 2), (1, 0)]
INFO:root:Case No. 1442: [(0, 4), (1, 3), (2, 1), (5, 1), (1, 2), (1, 0)]
INFO:root:Case No. 1446: [(0, 0), (1, 1), (2, 1), (5, 1), (1, 2), (1, 0)]
INFO:root:Case No. 1450: [(0, 1), (1, 1), (2, 1), (5, 1), (1, 2), (1, 0)]
INFO:root:Case No. 1454: [(0, 2), (1, 1), (2, 1), (5, 1), (1, 2), (1, 0)]
INFO:root:Case No. 1458: [(0, 3), (1, 1), (2, 1), (5, 1), (1, 2), (1, 0)]
INFO:root:Case No. 1462: [(0, 4), (1, 1), (2, 1), (5, 1), (1, 2), (1, 0)]
INFO:root:Case No. 1466: [(0, 3), (1, 3), (2, 1), (5, 1), (1, 2), (1, 0)]
INFO:root:Case No. 1470: [(0, 0), (1, 2), (2, 1), (5, 1), (1, 2), (1, 0)]
INFO:root:Case No. 1474: [(0, 1), (1, 2), (2, 1), (5, 1), (1, 2), (1, 0)]
INFO:root:Case No. 1478: [(0, 2), (1, 2), (2, 1), (5, 1), (1, 2), (1, 0)]
INFO:root:Case No. 1482: [(0, 3), (1, 2), (2, 1), (5, 1), (1, 2), (1, 0)]
INFO:root:Case No. 1486: [(0, 4), (1, 2), (2, 1), (5, 1), (1, 2), (1, 0)]
INFO:root:Case No. 1490: [(0, 0), (1, 3), (2, 1), (5, 1), (1, 2), (1, 0)]
INFO:root:Case No. 1494: [(0, 0), (1, 4), (2, 1), (5, 1), (1, 2), (1, 0)]
INFO:root:Case No. 1498: [(0, 4), (1, 4), (2, 1), (5, 1), (1, 2), (1, 0)]
INFO:root:Case No. 1502: [(0, 1), (1, 3), (2, 1), (5, 1), (1, 2), (1, 0)]
INFO:root:Case No. 1506: [(0, 1), (1, 4), (2, 1), (5, 1), (1, 2), (1, 0)]
INFO:root:Case No. 1510: [(0, 2), (1, 4), (2, 1), (5, 1), (1, 2), (1, 0)]
INFO:root:Case No. 1514: [(0, 2), (1, 3), (2, 1), (5, 1), (1, 2), (1, 0)]
INFO:root:Case No. 1518: [(0, 3), (1, 3), (2, 1), (5, 1), (1, 3), (1, 0)]
INFO:root:Case No. 1522: [(0, 0), (1, 0), (2, 1), (5, 1), (1, 4), (1, 0)]
INFO:root:Case No. 1526: [(0, 3), (1, 0), (2, 1), (5, 1), (1, 4), (1, 0)]
INFO:root:Case No. 1530: [(0, 1), (1, 0), (2, 1), (5, 1), (1, 3), (1, 0)]
INFO:root:Case No. 1534: [(0, 1), (1, 0), (2, 1), (5, 1), (1, 4), (1, 0)]
INFO:root:Case No. 1538: [(0, 4), (1, 0), (2, 1), (5, 1), (1, 4), (1, 0)]
INFO:root:Case No. 1542: [(0, 2), (1, 0), (2, 1), (5, 1), (1, 3), (1, 0)]
INFO:root:Case No. 1546: [(0, 2), (1, 0), (2, 1), (5, 1), (1, 4), (1, 0)]
INFO:root:Case No. 1550: [(0, 4), (1, 0), (2, 1), (5, 1), (1, 3), (1, 0)]
INFO:root:Case No. 1554: [(0, 3), (1, 0), (2, 1), (5, 1), (1, 3), (1, 0)]
INFO:root:Case No. 1558: [(0, 4), (1, 1), (2, 1), (5, 1), (1, 4), (1, 0)]
INFO:root:Case No. 1562: [(0, 0), (1, 1), (2, 1), (5, 1), (1, 3), (1, 0)]
INFO:root:Case No. 1566: [(0, 0), (1, 1), (2, 1), (5, 1), (1, 4), (1, 0)]
INFO:root:Case No. 1570: [(0, 4), (1, 1), (2, 1), (5, 1), (1, 3), (1, 0)]
INFO:root:Case No. 1574: [(0, 1), (1, 1), (2, 1), (5, 1), (1, 3), (1, 0)]
INFO:root:Case No. 1578: [(0, 1), (1, 1), (2, 1), (5, 1), (1, 4), (1, 0)]
INFO:root:Case No. 1582: [(0, 2), (1, 1), (2, 1), (5, 1), (1, 3), (1, 0)]
INFO:root:Case No. 1586: [(0, 2), (1, 1), (2, 1), (5, 1), (1, 4), (1, 0)]
INFO:root:Case No. 1590: [(0, 3), (1, 1), (2, 1), (5, 1), (1, 4), (1, 0)]
INFO:root:Case No. 1594: [(0, 3), (1, 1), (2, 1), (5, 1), (1, 3), (1, 0)]
INFO:root:Case No. 1598: [(0, 3), (1, 2), (2, 1), (5, 1), (1, 4), (1, 0)]
INFO:root:Case No. 1602: [(0, 0), (1, 2), (2, 1), (5, 1), (1, 3), (1, 0)]
INFO:root:Case No. 1606: [(0, 0), (1, 2), (2, 1), (5, 1), (1, 4), (1, 0)]
INFO:root:Case No. 1610: [(0, 4), (1, 2), (2, 1), (5, 1), (1, 4), (1, 0)]
INFO:root:Case No. 1614: [(0, 1), (1, 2), (2, 1), (5, 1), (1, 3), (1, 0)]
INFO:root:Case No. 1618: [(0, 1), (1, 2), (2, 1), (5, 1), (1, 4), (1, 0)]
INFO:root:Case No. 1622: [(0, 4), (1, 2), (2, 1), (5, 1), (1, 3), (1, 0)]
INFO:root:Case No. 1626: [(0, 2), (1, 2), (2, 1), (5, 1), (1, 3), (1, 0)]
INFO:root:Case No. 1630: [(0, 2), (1, 2), (2, 1), (5, 1), (1, 4), (1, 0)]
INFO:root:Case No. 1634: [(0, 3), (1, 2), (2, 1), (5, 1), (1, 3), (1, 0)]
INFO:root:Case No. 1638: [(0, 3), (1, 3), (2, 1), (5, 1), (1, 4), (1, 0)]
INFO:root:Case No. 1642: [(0, 0), (1, 3), (2, 1), (5, 1), (1, 3), (1, 0)]
INFO:root:Case No. 1646: [(0, 0), (1, 4), (2, 1), (5, 1), (1, 3), (1, 0)]
INFO:root:Case No. 1650: [(0, 0), (1, 4), (2, 1), (5, 1), (1, 4), (1, 0)]
INFO:root:Case No. 1654: [(0, 0), (1, 3), (2, 1), (5, 1), (1, 4), (1, 0)]
INFO:root:Case No. 1658: [(0, 4), (1, 4), (2, 1), (5, 1), (1, 4), (1, 0)]
INFO:root:Case No. 1662: [(0, 1), (1, 3), (2, 1), (5, 1), (1, 3), (1, 0)]
INFO:root:Case No. 1666: [(0, 1), (1, 4), (2, 1), (5, 1), (1, 3), (1, 0)]
INFO:root:Case No. 1670: [(0, 1), (1, 4), (2, 1), (5, 1), (1, 4), (1, 0)]
INFO:root:Case No. 1674: [(0, 1), (1, 3), (2, 1), (5, 1), (1, 4), (1, 0)]
INFO:root:Case No. 1678: [(0, 4), (1, 4), (2, 1), (5, 1), (1, 3), (1, 0)]
INFO:root:Case No. 1682: [(0, 2), (1, 3), (2, 1), (5, 1), (1, 3), (1, 0)]
INFO:root:Case No. 1686: [(0, 2), (1, 4), (2, 1), (5, 1), (1, 3), (1, 0)]
INFO:root:Case No. 1690: [(0, 2), (1, 4), (2, 1), (5, 1), (1, 4), (1, 0)]
INFO:root:Case No. 1694: [(0, 2), (1, 3), (2, 1), (5, 1), (1, 4), (1, 0)]
INFO:root:Case No. 1698: [(0, 4), (1, 3), (2, 1), (5, 1), (1, 3), (1, 0)]
INFO:root:Predicted -> Case No. 1286: [(0, 0), (1, 4), (1, 1)] - violated (k=0  j=0)
INFO:root:Predicted -> Case No. 1286: [(0, 0), (1, 4), (2, 1)] - verified (k=1  j=1)
INFO:root:Predicted -> Case No. 1286: [(0, 0), (1, 4), (2, 1), (5, 1), (1, 1), (1, 0)] - verified (k=0  j=0)
INFO:root:Predicted -> Case No. 1290: [(0, 4), (1, 4), (2, 1), (5, 1), (1, 1), (1, 0)] - verified (k=0  j=0)
INFO:root:Predicted -> Case No. 1294: [(0, 1), (1, 3), (2, 1), (5, 1), (1, 1), (1, 0)] - verified (k=0  j=0)
INFO:root:Predicted -> Case No. 1298: [(0, 1), (1, 4), (1, 1)] - violated (k=0  j=0)
INFO:root:Predicted -> Case No. 1302: [(0, 2), (1, 4), (2, 1), (5, 1), (1, 2), (1, 0)] - verified (k=0  j=0)
INFO:root:Predicted -> Case No. 1306: [(0, 2), (1, 3), (1, 1)] - violated (k=0  j=0)
INFO:root:Predicted -> Case No. 1310: [(0, 3), (1, 4), (1, 1)] - violated (k=0  j=0)
INFO:root:Predicted -> Case No. 1314: [(0, 3), (1, 4), (2, 1), (5, 1), (1, 2), (1, 0)] - verified (k=0  j=0)
INFO:root:Predicted -> Case No. 1318: [(0, 0), (1, 0), (1, 1)] - violated (k=0  j=0)
INFO:root:Predicted -> Case No. 1322: [(0, 1), (1, 0), (1, 1)] - violated (k=0  j=0)
INFO:root:Predicted -> Case No. 1326: [(0, 2), (1, 0), (1, 1)] - violated (k=0  j=0)
INFO:root:Predicted -> Case No. 1330: [(0, 3), (1, 0), (1, 1)] - violated (k=0  j=0)
INFO:root:Predicted -> Case No. 1334: [(0, 4), (1, 0), (1, 1)] - violated (k=0  j=0)
INFO:root:Predicted -> Case No. 1338: [(0, 4), (1, 3), (1, 1)] - violated (k=0  j=0)
INFO:root:Predicted -> Case No. 1342: [(0, 0), (1, 1), (1, 1)] - violated (k=0  j=0)
INFO:root:Predicted -> Case No. 1346: [(0, 1), (1, 1), (1, 1)] - violated (k=0  j=0)
INFO:root:Predicted -> Case No. 1350: [(0, 2), (1, 1), (1, 1)] - violated (k=0  j=0)
INFO:root:Predicted -> Case No. 1354: [(0, 3), (1, 1), (1, 1)] - violated (k=0  j=0)
INFO:root:Predicted -> Case No. 1358: [(0, 4), (1, 1), (1, 1), (2, 1), (5, 1), (1, 0)] - verified (k=0  j=0)
INFO:root:Predicted -> Case No. 1362: [(0, 3), (1, 3), (1, 1)] - violated (k=0  j=0)
INFO:root:Predicted -> Case No. 1366: [(0, 0), (1, 2), (1, 1)] - violated (k=0  j=0)
INFO:root:Predicted -> Case No. 1370: [(0, 1), (1, 2), (1, 1)] - violated (k=0  j=0)
INFO:root:Predicted -> Case No. 1374: [(0, 2), (1, 2), (2, 1), (5, 1), (1, 2), (1, 0)] - verified (k=0  j=0)
INFO:root:Predicted -> Case No. 1378: [(0, 3), (1, 2), (2, 1), (5, 1), (1, 2), (1, 0)] - verified (k=0  j=0)
INFO:root:Predicted -> Case No. 1382: [(0, 4), (1, 2), (1, 1)] - violated (k=0  j=0)
INFO:root:Predicted -> Case No. 1386: [(0, 0), (1, 3), (1, 1)] - violated (k=0  j=0)
INFO:root:Predicted -> Case No. 1390: [(0, 0), (1, 4), (2, 1), (5, 1), (1, 2), (1, 0)] - verified (k=0  j=0)
INFO:root:Predicted -> Case No. 1394: [(0, 4), (1, 4), (1, 1)] - violated (k=0  j=0)
INFO:root:Predicted -> Case No. 1398: [(0, 1), (1, 3), (1, 1)] - violated (k=0  j=0)
INFO:root:Predicted -> Case No. 1402: [(0, 1), (1, 4), (1, 1)] - violated (k=0  j=0)
INFO:root:Predicted -> Case No. 1406: [(0, 2), (1, 4), (2, 1), (5, 1), (1, 2), (1, 0)] - verified (k=0  j=0)
INFO:root:Predicted -> Case No. 1410: [(0, 2), (1, 3), (1, 1)] - violated (k=0  j=0)
INFO:root:Predicted -> Case No. 1414: [(0, 3), (1, 4), (2, 1), (5, 1), (1, 2), (1, 0)] - verified (k=0  j=0)
INFO:root:Predicted -> Case No. 1418: [(0, 3), (1, 4), (1, 1)] - violated (k=0  j=0)
INFO:root:Predicted -> Case No. 1422: [(0, 0), (1, 0), (2, 1), (5, 1), (1, 1), (1, 0)] - verified (k=0  j=0)
INFO:root:Predicted -> Case No. 1426: [(0, 1), (1, 0), (2, 1), (5, 1), (1, 1), (1, 0)] - verified (k=0  j=0)
INFO:root:Predicted -> Case No. 1430: [(0, 2), (1, 0), (2, 1), (5, 1), (1, 2), (1, 0)] - verified (k=0  j=0)
INFO:root:Predicted -> Case No. 1434: [(0, 3), (1, 0), (2, 1), (5, 1), (1, 1), (1, 0)] - verified (k=0  j=0)
INFO:root:Predicted -> Case No. 1438: [(0, 4), (1, 0), (2, 1), (5, 1), (1, 1), (1, 0)] - verified (k=0  j=0)
INFO:root:Predicted -> Case No. 1442: [(0, 4), (1, 3), (1, 1)] - violated (k=0  j=0)
INFO:root:Predicted -> Case No. 1446: [(0, 0), (1, 1), (1, 1)] - violated (k=0  j=0)
INFO:root:Predicted -> Case No. 1450: [(0, 1), (1, 1), (2, 1), (5, 1), (1, 1), (1, 0)] - verified (k=0  j=0)
INFO:root:Predicted -> Case No. 1454: [(0, 2), (1, 1), (2, 1), (5, 1), (1, 2), (1, 0)] - verified (k=0  j=0)
INFO:root:Predicted -> Case No. 1458: [(0, 3), (1, 1), (1, 1)] - violated (k=0  j=0)
INFO:root:Predicted -> Case No. 1462: [(0, 4), (1, 1), (1, 1)] - violated (k=0  j=0)
INFO:root:Predicted -> Case No. 1466: [(0, 3), (1, 3), (1, 1)] - violated (k=0  j=0)
INFO:root:Predicted -> Case No. 1470: [(0, 0), (1, 2), (2, 1), (5, 1), (1, 1), (1, 0)] - verified (k=0  j=0)
INFO:root:Predicted -> Case No. 1474: [(0, 1), (1, 2), (1, 1)] - violated (k=0  j=0)
INFO:root:Predicted -> Case No. 1478: [(0, 2), (1, 2), (1, 1)] - violated (k=0  j=0)
INFO:root:Predicted -> Case No. 1482: [(0, 3), (1, 2), (2, 1), (5, 1), (1, 1), (1, 0)] - verified (k=0  j=0)
INFO:root:Predicted -> Case No. 1486: [(0, 4), (1, 2), (2, 1), (5, 1), (1, 1), (1, 0)] - verified (k=0  j=0)
INFO:root:Predicted -> Case No. 1490: [(0, 0), (1, 3), (1, 1)] - violated (k=0  j=0)
INFO:root:Predicted -> Case No. 1494: [(0, 0), (1, 4), (2, 1), (5, 1), (1, 1), (1, 0)] - verified (k=0  j=0)
INFO:root:Predicted -> Case No. 1498: [(0, 4), (1, 4), (1, 1), (2, 1), (5, 1), (1, 0)] - verified (k=0  j=0)
INFO:root:Predicted -> Case No. 1502: [(0, 1), (1, 3), (1, 1)] - violated (k=0  j=0)
INFO:root:Predicted -> Case No. 1506: [(0, 1), (1, 4), (1, 1)] - violated (k=0  j=0)
INFO:root:Predicted -> Case No. 1510: [(0, 2), (1, 4), (1, 1)] - violated (k=0  j=0)
INFO:root:Predicted -> Case No. 1514: [(0, 2), (1, 3), (1, 1)] - violated (k=0  j=0)
INFO:root:Predicted -> Case No. 1518: [(0, 3), (1, 3), (1, 1)] - violated (k=0  j=0)
INFO:root:Predicted -> Case No. 1522: [(0, 0), (1, 0), (1, 1)] - violated (k=0  j=0)
INFO:root:Predicted -> Case No. 1526: [(0, 3), (1, 0), (1, 1)] - violated (k=0  j=0)
INFO:root:Predicted -> Case No. 1530: [(0, 1), (1, 0), (1, 1)] - violated (k=0  j=0)
INFO:root:Predicted -> Case No. 1534: [(0, 1), (1, 0), (1, 1)] - violated (k=0  j=0)
INFO:root:Predicted -> Case No. 1538: [(0, 4), (1, 0), (1, 1)] - violated (k=0  j=0)
INFO:root:Predicted -> Case No. 1542: [(0, 2), (1, 0), (1, 1)] - violated (k=0  j=0)
INFO:root:Predicted -> Case No. 1546: [(0, 2), (1, 0), (1, 1)] - violated (k=0  j=0)
INFO:root:Predicted -> Case No. 1550: [(0, 4), (1, 0), (2, 1), (5, 1), (1, 1), (1, 0)] - verified (k=0  j=0)
INFO:root:Predicted -> Case No. 1554: [(0, 3), (1, 0), (1, 1)] - violated (k=0  j=0)
INFO:root:Predicted -> Case No. 1558: [(0, 4), (1, 1), (2, 1), (5, 1), (1, 2), (1, 0)] - verified (k=0  j=0)
INFO:root:Predicted -> Case No. 1562: [(0, 0), (1, 1), (2, 1), (5, 1), (1, 1), (1, 0)] - verified (k=0  j=0)
INFO:root:Predicted -> Case No. 1566: [(0, 0), (1, 1), (1, 1)] - violated (k=0  j=0)
INFO:root:Predicted -> Case No. 1570: [(0, 4), (1, 1), (1, 1)] - violated (k=0  j=0)
INFO:root:Predicted -> Case No. 1574: [(0, 1), (1, 1), (2, 1), (5, 1), (1, 1), (1, 0)] - verified (k=0  j=0)
INFO:root:Predicted -> Case No. 1578: [(0, 1), (1, 1), (2, 1), (5, 1), (1, 2), (1, 0)] - verified (k=0  j=0)
INFO:root:Predicted -> Case No. 1582: [(0, 2), (1, 1), (2, 1), (5, 1), (1, 2), (1, 0)] - verified (k=0  j=0)
INFO:root:Predicted -> Case No. 1586: [(0, 2), (1, 1), (1, 1)] - violated (k=0  j=0)
INFO:root:Predicted -> Case No. 1590: [(0, 3), (1, 1), (2, 1), (5, 1), (1, 2), (1, 0)] - verified (k=0  j=0)
INFO:root:Predicted -> Case No. 1594: [(0, 3), (1, 1), (2, 1), (5, 1), (1, 2), (1, 0)] - verified (k=0  j=0)
INFO:root:Predicted -> Case No. 1598: [(0, 3), (1, 2), (1, 1)] - violated (k=0  j=0)
INFO:root:Predicted -> Case No. 1602: [(0, 0), (1, 2), (1, 1)] - violated (k=0  j=0)
INFO:root:Predicted -> Case No. 1606: [(0, 0), (1, 2), (1, 1)] - violated (k=0  j=0)
INFO:root:Predicted -> Case No. 1610: [(0, 4), (1, 2), (2, 1), (5, 1), (1, 2), (1, 0)] - verified (k=0  j=0)
INFO:root:Predicted -> Case No. 1614: [(0, 1), (1, 2), (2, 1), (5, 1), (1, 2), (1, 0)] - verified (k=0  j=0)
INFO:root:Predicted -> Case No. 1618: [(0, 1), (1, 2), (1, 1)] - violated (k=0  j=0)
INFO:root:Predicted -> Case No. 1622: [(0, 4), (1, 2), (1, 1)] - violated (k=0  j=0)
INFO:root:Predicted -> Case No. 1626: [(0, 2), (1, 2), (2, 1), (5, 1), (1, 2), (1, 0)] - verified (k=0  j=0)
INFO:root:Predicted -> Case No. 1630: [(0, 2), (1, 2), (1, 1)] - violated (k=0  j=0)
INFO:root:Predicted -> Case No. 1634: [(0, 3), (1, 2), (2, 1), (5, 1), (1, 2), (1, 0)] - verified (k=0  j=0)
INFO:root:Predicted -> Case No. 1638: [(0, 3), (1, 3), (2, 1), (5, 1), (1, 2), (1, 0)] - verified (k=0  j=0)
INFO:root:Predicted -> Case No. 1642: [(0, 0), (1, 3), (1, 1)] - violated (k=0  j=0)
INFO:root:Predicted -> Case No. 1646: [(0, 0), (1, 4), (1, 1)] - violated (k=0  j=0)
INFO:root:Predicted -> Case No. 1650: [(0, 0), (1, 4), (1, 1)] - violated (k=0  j=0)
INFO:root:Predicted -> Case No. 1654: [(0, 0), (1, 3), (1, 1)] - violated (k=0  j=0)
INFO:root:Predicted -> Case No. 1658: [(0, 4), (1, 4), (1, 1)] - violated (k=0  j=0)
INFO:root:Predicted -> Case No. 1662: [(0, 1), (1, 3), (1, 1)] - violated (k=0  j=0)
INFO:root:Predicted -> Case No. 1666: [(0, 1), (1, 4), (1, 1)] - violated (k=0  j=0)
INFO:root:Predicted -> Case No. 1670: [(0, 1), (1, 4), (1, 1)] - violated (k=0  j=0)
INFO:root:Predicted -> Case No. 1674: [(0, 1), (1, 3), (2, 1), (5, 1), (1, 2), (1, 0)] - verified (k=0  j=0)
INFO:root:Predicted -> Case No. 1678: [(0, 4), (1, 4), (1, 1)] - violated (k=0  j=0)
INFO:root:Predicted -> Case No. 1682: [(0, 2), (1, 3), (1, 1)] - violated (k=0  j=0)
INFO:root:Predicted -> Case No. 1686: [(0, 2), (1, 4), (1, 1)] - violated (k=0  j=0)
INFO:root:Predicted -> Case No. 1690: [(0, 2), (1, 4), (1, 1)] - violated (k=0  j=0)
INFO:root:Predicted -> Case No. 1694: [(0, 2), (1, 3), (1, 1)] - violated (k=0  j=0)
INFO:root:Predicted -> Case No. 1698: [(0, 4), (1, 3), (1, 1)] - violated (k=0  j=0)
INFO:root:Prefix size: 3
INFO:root:Traces verified: 0 out of 640
INFO:root:Testing set: 
INFO:root:Prefix size: 4
INFO:root:Traces verified: 0 out of 640
INFO:root:Testing set: 
INFO:root:<<<<<<<<<<<<<<<<<<<<<<   Declare    >>>>>>>>>>>>>>>>>>>>>>>
INFO:root:Prefix size: 2
INFO:root:Traces verified: 104 out of 640
INFO:root:Testing set: 
INFO:root:Case No. 1286: [(0, 0), (1, 4), (2, 1), (5, 1), (1, 0), (1, 0)]
INFO:root:Case No. 1290: [(0, 4), (1, 4), (2, 1), (5, 1), (1, 0), (1, 0)]
INFO:root:Case No. 1294: [(0, 1), (1, 3), (2, 1), (5, 1), (1, 0), (1, 0)]
INFO:root:Case No. 1298: [(0, 1), (1, 4), (2, 1), (5, 1), (1, 0), (1, 0)]
INFO:root:Case No. 1302: [(0, 2), (1, 4), (2, 1), (5, 1), (1, 0), (1, 0)]
INFO:root:Case No. 1306: [(0, 2), (1, 3), (2, 1), (5, 1), (1, 0), (1, 0)]
INFO:root:Case No. 1310: [(0, 3), (1, 4), (2, 1), (5, 1), (1, 0), (1, 0)]
INFO:root:Case No. 1314: [(0, 3), (1, 4), (2, 1), (5, 1), (1, 2), (1, 0)]
INFO:root:Case No. 1318: [(0, 0), (1, 0), (2, 1), (5, 1), (1, 1), (1, 0)]
INFO:root:Case No. 1322: [(0, 1), (1, 0), (2, 1), (5, 1), (1, 1), (1, 0)]
INFO:root:Case No. 1326: [(0, 2), (1, 0), (2, 1), (5, 1), (1, 1), (1, 0)]
INFO:root:Case No. 1330: [(0, 3), (1, 0), (2, 1), (5, 1), (1, 1), (1, 0)]
INFO:root:Case No. 1334: [(0, 4), (1, 0), (2, 1), (5, 1), (1, 1), (1, 0)]
INFO:root:Case No. 1338: [(0, 4), (1, 3), (2, 1), (5, 1), (1, 1), (1, 0)]
INFO:root:Case No. 1342: [(0, 0), (1, 1), (2, 1), (5, 1), (1, 1), (1, 0)]
INFO:root:Case No. 1346: [(0, 1), (1, 1), (2, 1), (5, 1), (1, 1), (1, 0)]
INFO:root:Case No. 1350: [(0, 2), (1, 1), (2, 1), (5, 1), (1, 1), (1, 0)]
INFO:root:Case No. 1354: [(0, 3), (1, 1), (2, 1), (5, 1), (1, 1), (1, 0)]
INFO:root:Case No. 1358: [(0, 4), (1, 1), (2, 1), (5, 1), (1, 1), (1, 0)]
INFO:root:Case No. 1362: [(0, 3), (1, 3), (2, 1), (5, 1), (1, 1), (1, 0)]
INFO:root:Case No. 1366: [(0, 0), (1, 2), (2, 1), (5, 1), (1, 1), (1, 0)]
INFO:root:Case No. 1370: [(0, 1), (1, 2), (2, 1), (5, 1), (1, 1), (1, 0)]
INFO:root:Case No. 1374: [(0, 2), (1, 2), (2, 1), (5, 1), (1, 1), (1, 0)]
INFO:root:Case No. 1378: [(0, 3), (1, 2), (2, 1), (5, 1), (1, 1), (1, 0)]
INFO:root:Case No. 1382: [(0, 4), (1, 2), (2, 1), (5, 1), (1, 1), (1, 0)]
INFO:root:Case No. 1386: [(0, 0), (1, 3), (2, 1), (5, 1), (1, 1), (1, 0)]
INFO:root:Case No. 1390: [(0, 0), (1, 4), (2, 1), (5, 1), (1, 1), (1, 0)]
INFO:root:Case No. 1394: [(0, 4), (1, 4), (2, 1), (5, 1), (1, 1), (1, 0)]
INFO:root:Case No. 1398: [(0, 1), (1, 3), (2, 1), (5, 1), (1, 1), (1, 0)]
INFO:root:Case No. 1402: [(0, 1), (1, 4), (2, 1), (5, 1), (1, 1), (1, 0)]
INFO:root:Case No. 1406: [(0, 2), (1, 4), (2, 1), (5, 1), (1, 1), (1, 0)]
INFO:root:Case No. 1410: [(0, 2), (1, 3), (2, 1), (5, 1), (1, 1), (1, 0)]
INFO:root:Case No. 1414: [(0, 3), (1, 4), (2, 1), (5, 1), (1, 1), (1, 0)]
INFO:root:Case No. 1418: [(0, 3), (1, 4), (2, 1), (5, 1), (1, 3), (1, 0)]
INFO:root:Case No. 1422: [(0, 0), (1, 0), (2, 1), (5, 1), (1, 2), (1, 0)]
INFO:root:Case No. 1426: [(0, 1), (1, 0), (2, 1), (5, 1), (1, 2), (1, 0)]
INFO:root:Case No. 1430: [(0, 2), (1, 0), (2, 1), (5, 1), (1, 2), (1, 0)]
INFO:root:Case No. 1434: [(0, 3), (1, 0), (2, 1), (5, 1), (1, 2), (1, 0)]
INFO:root:Case No. 1438: [(0, 4), (1, 0), (2, 1), (5, 1), (1, 2), (1, 0)]
INFO:root:Case No. 1442: [(0, 4), (1, 3), (2, 1), (5, 1), (1, 2), (1, 0)]
INFO:root:Case No. 1446: [(0, 0), (1, 1), (2, 1), (5, 1), (1, 2), (1, 0)]
INFO:root:Case No. 1450: [(0, 1), (1, 1), (2, 1), (5, 1), (1, 2), (1, 0)]
INFO:root:Case No. 1454: [(0, 2), (1, 1), (2, 1), (5, 1), (1, 2), (1, 0)]
INFO:root:Case No. 1458: [(0, 3), (1, 1), (2, 1), (5, 1), (1, 2), (1, 0)]
INFO:root:Case No. 1462: [(0, 4), (1, 1), (2, 1), (5, 1), (1, 2), (1, 0)]
INFO:root:Case No. 1466: [(0, 3), (1, 3), (2, 1), (5, 1), (1, 2), (1, 0)]
INFO:root:Case No. 1470: [(0, 0), (1, 2), (2, 1), (5, 1), (1, 2), (1, 0)]
INFO:root:Case No. 1474: [(0, 1), (1, 2), (2, 1), (5, 1), (1, 2), (1, 0)]
INFO:root:Case No. 1478: [(0, 2), (1, 2), (2, 1), (5, 1), (1, 2), (1, 0)]
INFO:root:Case No. 1482: [(0, 3), (1, 2), (2, 1), (5, 1), (1, 2), (1, 0)]
INFO:root:Case No. 1486: [(0, 4), (1, 2), (2, 1), (5, 1), (1, 2), (1, 0)]
INFO:root:Case No. 1490: [(0, 0), (1, 3), (2, 1), (5, 1), (1, 2), (1, 0)]
INFO:root:Case No. 1494: [(0, 0), (1, 4), (2, 1), (5, 1), (1, 2), (1, 0)]
INFO:root:Case No. 1498: [(0, 4), (1, 4), (2, 1), (5, 1), (1, 2), (1, 0)]
INFO:root:Case No. 1502: [(0, 1), (1, 3), (2, 1), (5, 1), (1, 2), (1, 0)]
INFO:root:Case No. 1506: [(0, 1), (1, 4), (2, 1), (5, 1), (1, 2), (1, 0)]
INFO:root:Case No. 1510: [(0, 2), (1, 4), (2, 1), (5, 1), (1, 2), (1, 0)]
INFO:root:Case No. 1514: [(0, 2), (1, 3), (2, 1), (5, 1), (1, 2), (1, 0)]
INFO:root:Case No. 1518: [(0, 3), (1, 3), (2, 1), (5, 1), (1, 3), (1, 0)]
INFO:root:Case No. 1522: [(0, 0), (1, 0), (2, 1), (5, 1), (1, 4), (1, 0)]
INFO:root:Case No. 1526: [(0, 3), (1, 0), (2, 1), (5, 1), (1, 4), (1, 0)]
INFO:root:Case No. 1530: [(0, 1), (1, 0), (2, 1), (5, 1), (1, 3), (1, 0)]
INFO:root:Case No. 1534: [(0, 1), (1, 0), (2, 1), (5, 1), (1, 4), (1, 0)]
INFO:root:Case No. 1538: [(0, 4), (1, 0), (2, 1), (5, 1), (1, 4), (1, 0)]
INFO:root:Case No. 1542: [(0, 2), (1, 0), (2, 1), (5, 1), (1, 3), (1, 0)]
INFO:root:Case No. 1546: [(0, 2), (1, 0), (2, 1), (5, 1), (1, 4), (1, 0)]
INFO:root:Case No. 1550: [(0, 4), (1, 0), (2, 1), (5, 1), (1, 3), (1, 0)]
INFO:root:Case No. 1554: [(0, 3), (1, 0), (2, 1), (5, 1), (1, 3), (1, 0)]
INFO:root:Case No. 1558: [(0, 4), (1, 1), (2, 1), (5, 1), (1, 4), (1, 0)]
INFO:root:Case No. 1562: [(0, 0), (1, 1), (2, 1), (5, 1), (1, 3), (1, 0)]
INFO:root:Case No. 1566: [(0, 0), (1, 1), (2, 1), (5, 1), (1, 4), (1, 0)]
INFO:root:Case No. 1570: [(0, 4), (1, 1), (2, 1), (5, 1), (1, 3), (1, 0)]
INFO:root:Case No. 1574: [(0, 1), (1, 1), (2, 1), (5, 1), (1, 3), (1, 0)]
INFO:root:Case No. 1578: [(0, 1), (1, 1), (2, 1), (5, 1), (1, 4), (1, 0)]
INFO:root:Case No. 1582: [(0, 2), (1, 1), (2, 1), (5, 1), (1, 3), (1, 0)]
INFO:root:Case No. 1586: [(0, 2), (1, 1), (2, 1), (5, 1), (1, 4), (1, 0)]
INFO:root:Case No. 1590: [(0, 3), (1, 1), (2, 1), (5, 1), (1, 4), (1, 0)]
INFO:root:Case No. 1594: [(0, 3), (1, 1), (2, 1), (5, 1), (1, 3), (1, 0)]
INFO:root:Case No. 1598: [(0, 3), (1, 2), (2, 1), (5, 1), (1, 4), (1, 0)]
INFO:root:Case No. 1602: [(0, 0), (1, 2), (2, 1), (5, 1), (1, 3), (1, 0)]
INFO:root:Case No. 1606: [(0, 0), (1, 2), (2, 1), (5, 1), (1, 4), (1, 0)]
INFO:root:Case No. 1610: [(0, 4), (1, 2), (2, 1), (5, 1), (1, 4), (1, 0)]
INFO:root:Case No. 1614: [(0, 1), (1, 2), (2, 1), (5, 1), (1, 3), (1, 0)]
INFO:root:Case No. 1618: [(0, 1), (1, 2), (2, 1), (5, 1), (1, 4), (1, 0)]
INFO:root:Case No. 1622: [(0, 4), (1, 2), (2, 1), (5, 1), (1, 3), (1, 0)]
INFO:root:Case No. 1626: [(0, 2), (1, 2), (2, 1), (5, 1), (1, 3), (1, 0)]
INFO:root:Case No. 1630: [(0, 2), (1, 2), (2, 1), (5, 1), (1, 4), (1, 0)]
INFO:root:Case No. 1634: [(0, 3), (1, 2), (2, 1), (5, 1), (1, 3), (1, 0)]
INFO:root:Case No. 1638: [(0, 3), (1, 3), (2, 1), (5, 1), (1, 4), (1, 0)]
INFO:root:Case No. 1642: [(0, 0), (1, 3), (2, 1), (5, 1), (1, 3), (1, 0)]
INFO:root:Case No. 1646: [(0, 0), (1, 4), (2, 1), (5, 1), (1, 3), (1, 0)]
INFO:root:Case No. 1650: [(0, 0), (1, 4), (2, 1), (5, 1), (1, 4), (1, 0)]
INFO:root:Case No. 1654: [(0, 0), (1, 3), (2, 1), (5, 1), (1, 4), (1, 0)]
INFO:root:Case No. 1658: [(0, 4), (1, 4), (2, 1), (5, 1), (1, 4), (1, 0)]
INFO:root:Case No. 1662: [(0, 1), (1, 3), (2, 1), (5, 1), (1, 3), (1, 0)]
INFO:root:Case No. 1666: [(0, 1), (1, 4), (2, 1), (5, 1), (1, 3), (1, 0)]
INFO:root:Case No. 1670: [(0, 1), (1, 4), (2, 1), (5, 1), (1, 4), (1, 0)]
INFO:root:Case No. 1674: [(0, 1), (1, 3), (2, 1), (5, 1), (1, 4), (1, 0)]
INFO:root:Case No. 1678: [(0, 4), (1, 4), (2, 1), (5, 1), (1, 3), (1, 0)]
INFO:root:Case No. 1682: [(0, 2), (1, 3), (2, 1), (5, 1), (1, 3), (1, 0)]
INFO:root:Case No. 1686: [(0, 2), (1, 4), (2, 1), (5, 1), (1, 3), (1, 0)]
INFO:root:Case No. 1690: [(0, 2), (1, 4), (2, 1), (5, 1), (1, 4), (1, 0)]
INFO:root:Case No. 1694: [(0, 2), (1, 3), (2, 1), (5, 1), (1, 4), (1, 0)]
INFO:root:Case No. 1698: [(0, 4), (1, 3), (2, 1), (5, 1), (1, 3), (1, 0)]
INFO:root:Predicted -> Case No. 1286: [(0, 0), (1, 4), (1, 1)] - violated (k=0  j=0)
INFO:root:Predicted -> Case No. 1286: [(0, 0), (1, 4), (2, 0)] - violated (k=1  j=1)
INFO:root:Predicted -> Case No. 1286: [(0, 0), (1, 4), (3, 3)] - violated (k=2  j=0)
INFO:root:Predicted -> Case No. 1286: [(0, 0), (1, 4), (2, 0), (5, 1)] - violated (k=0  j=1)
INFO:root:Predicted -> Case No. 1286: [(0, 0), (1, 4), (1, 1), (2, 0)] - violated (k=1  j=2)
INFO:root:Predicted -> Case No. 1286: [(0, 0), (1, 4), (1, 1), (5, 2)] - violated (k=2  j=1)
INFO:root:Predicted -> Case No. 1286: [(0, 0), (1, 4), (2, 0), (5, 1), (1, 1)] - violated (k=0  j=1)
INFO:root:Predicted -> Case No. 1286: [(0, 0), (1, 4), (1, 1), (2, 0), (5, 1)] - violated (k=1  j=1)
INFO:root:Predicted -> Case No. 1286: [(0, 0), (1, 4), (1, 1), (5, 2), (1, 2)] - violated (k=2  j=1)
INFO:root:Predicted -> Case No. 1286: [(0, 0), (1, 4), (2, 0), (5, 1), (1, 1), (1, 0)] - violated (k=0  j=0)
INFO:root:Predicted -> Case No. 1286: [(0, 0), (1, 4), (1, 1), (2, 0), (5, 1), (1, 0)] - violated (k=1  j=0)
INFO:root:Predicted -> Case No. 1286: [(0, 0), (1, 4), (1, 1), (5, 2), (1, 2), (1, 0)] - violated (k=2  j=0)
INFO:root:Predicted -> Case No. 1286: [(0, 0), (1, 4), (2, 0), (5, 1), (1, 1), (1, 0), (1, 2)] - violated (k=0  j=0)
INFO:root:Predicted -> Case No. 1286: [(0, 0), (1, 4), (1, 1), (2, 0), (5, 1), (1, 0), (1, 2)] - violated (k=1  j=0)
INFO:root:Predicted -> Case No. 1286: [(0, 0), (1, 4), (1, 1), (5, 2), (1, 2), (1, 0), (1, 1)] - violated (k=2  j=0)
INFO:root:Predicted -> Case No. 1286: [(0, 0), (1, 4), (2, 0), (5, 1), (1, 1), (1, 0), (1, 2), (1, 1)] - violated (k=0  j=0)
INFO:root:Predicted -> Case No. 1286: [(0, 0), (1, 4), (1, 1), (2, 0), (5, 1), (1, 0), (1, 2), (1, 1)] - violated (k=1  j=0)
INFO:root:Predicted -> Case No. 1286: [(0, 0), (1, 4), (2, 0), (5, 1), (1, 1), (1, 0), (1, 2), (3, 2)] - violated (k=2  j=0)
INFO:root:Predicted -> Case No. 1286: [(0, 0), (1, 4), (2, 0), (5, 1), (1, 1), (1, 0), (1, 2), (1, 1), (3, 1)] - violated (k=0  j=0)
INFO:root:Predicted -> Case No. 1286: [(0, 0), (1, 4), (1, 1), (2, 0), (5, 1), (1, 0), (1, 2), (1, 1), (3, 1)] - violated (k=1  j=0)
INFO:root:Predicted -> Case No. 1286: [(0, 0), (1, 4), (2, 0), (5, 1), (1, 1), (1, 0), (1, 2), (3, 2), (1, 1)] - violated (k=2  j=0)
INFO:root:Predicted -> Case No. 1290: [(0, 4), (1, 4), (2, 1)] - verified (k=0  j=1)
INFO:root:Predicted -> Case No. 1290: [(0, 4), (1, 4), (2, 1), (5, 1), (1, 1), (1, 0)] - verified (k=0  j=0)
INFO:root:Predicted -> Case No. 1294: [(0, 1), (1, 3), (2, 1), (5, 1), (1, 1), (1, 0)] - verified (k=0  j=0)
INFO:root:Predicted -> Case No. 1298: [(0, 1), (1, 4), (1, 1)] - violated (k=0  j=0)
INFO:root:Predicted -> Case No. 1302: [(0, 2), (1, 4), (2, 1), (5, 1), (1, 2), (1, 0)] - verified (k=0  j=0)
INFO:root:Predicted -> Case No. 1306: [(0, 2), (1, 3), (1, 1)] - violated (k=0  j=0)
INFO:root:Predicted -> Case No. 1310: [(0, 3), (1, 4), (1, 1)] - violated (k=0  j=0)
INFO:root:Predicted -> Case No. 1314: [(0, 3), (1, 4), (2, 1), (5, 1), (1, 2), (1, 0)] - verified (k=0  j=0)
INFO:root:Predicted -> Case No. 1318: [(0, 0), (1, 0), (1, 1)] - violated (k=0  j=0)
INFO:root:Predicted -> Case No. 1322: [(0, 1), (1, 0), (1, 1)] - violated (k=0  j=0)
INFO:root:Predicted -> Case No. 1326: [(0, 2), (1, 0), (1, 1)] - violated (k=0  j=0)
INFO:root:Predicted -> Case No. 1330: [(0, 3), (1, 0), (1, 1)] - violated (k=0  j=0)
INFO:root:Predicted -> Case No. 1334: [(0, 4), (1, 0), (1, 1)] - violated (k=0  j=0)
INFO:root:Predicted -> Case No. 1338: [(0, 4), (1, 3), (1, 1)] - violated (k=0  j=0)
INFO:root:Predicted -> Case No. 1342: [(0, 0), (1, 1), (1, 1)] - violated (k=0  j=0)
INFO:root:Predicted -> Case No. 1346: [(0, 1), (1, 1), (1, 1)] - violated (k=0  j=0)
INFO:root:Predicted -> Case No. 1350: [(0, 2), (1, 1), (1, 1)] - violated (k=0  j=0)
INFO:root:Predicted -> Case No. 1354: [(0, 3), (1, 1), (1, 1)] - violated (k=0  j=0)
INFO:root:Predicted -> Case No. 1358: [(0, 4), (1, 1), (1, 1), (2, 1), (5, 1), (1, 0)] - verified (k=0  j=0)
INFO:root:Predicted -> Case No. 1362: [(0, 3), (1, 3), (1, 1)] - violated (k=0  j=0)
INFO:root:Predicted -> Case No. 1366: [(0, 0), (1, 2), (1, 1)] - violated (k=0  j=0)
INFO:root:Predicted -> Case No. 1370: [(0, 1), (1, 2), (1, 1)] - violated (k=0  j=0)
INFO:root:Predicted -> Case No. 1374: [(0, 2), (1, 2), (2, 1), (5, 1), (1, 2), (1, 0)] - verified (k=0  j=0)
INFO:root:Predicted -> Case No. 1378: [(0, 3), (1, 2), (2, 1), (5, 1), (1, 2), (1, 0)] - verified (k=0  j=0)
INFO:root:Predicted -> Case No. 1382: [(0, 4), (1, 2), (1, 1)] - violated (k=0  j=0)
INFO:root:Predicted -> Case No. 1386: [(0, 0), (1, 3), (1, 1)] - violated (k=0  j=0)
INFO:root:Predicted -> Case No. 1390: [(0, 0), (1, 4), (2, 1), (5, 1), (1, 2), (1, 0)] - verified (k=0  j=0)
INFO:root:Predicted -> Case No. 1394: [(0, 4), (1, 4), (1, 1)] - violated (k=0  j=0)
INFO:root:Predicted -> Case No. 1398: [(0, 1), (1, 3), (1, 1)] - violated (k=0  j=0)
INFO:root:Predicted -> Case No. 1402: [(0, 1), (1, 4), (1, 1)] - violated (k=0  j=0)
INFO:root:Predicted -> Case No. 1406: [(0, 2), (1, 4), (2, 1), (5, 1), (1, 2), (1, 0)] - verified (k=0  j=0)
INFO:root:Predicted -> Case No. 1410: [(0, 2), (1, 3), (1, 1)] - violated (k=0  j=0)
INFO:root:Predicted -> Case No. 1414: [(0, 3), (1, 4), (2, 1), (5, 1), (1, 2), (1, 0)] - verified (k=0  j=0)
INFO:root:Predicted -> Case No. 1418: [(0, 3), (1, 4), (1, 1)] - violated (k=0  j=0)
INFO:root:Predicted -> Case No. 1422: [(0, 0), (1, 0), (2, 1), (5, 1), (1, 1), (1, 0)] - verified (k=0  j=0)
INFO:root:Predicted -> Case No. 1426: [(0, 1), (1, 0), (2, 1), (5, 1), (1, 1), (1, 0)] - verified (k=0  j=0)
INFO:root:Predicted -> Case No. 1430: [(0, 2), (1, 0), (2, 1), (5, 1), (1, 2), (1, 0)] - verified (k=0  j=0)
INFO:root:Predicted -> Case No. 1434: [(0, 3), (1, 0), (2, 1), (5, 1), (1, 1), (1, 0)] - verified (k=0  j=0)
INFO:root:Predicted -> Case No. 1438: [(0, 4), (1, 0), (2, 1), (5, 1), (1, 1), (1, 0)] - verified (k=0  j=0)
INFO:root:Predicted -> Case No. 1442: [(0, 4), (1, 3), (1, 1)] - violated (k=0  j=0)
INFO:root:Predicted -> Case No. 1446: [(0, 0), (1, 1), (1, 1)] - violated (k=0  j=0)
INFO:root:Predicted -> Case No. 1450: [(0, 1), (1, 1), (2, 1), (5, 1), (1, 1), (1, 0)] - verified (k=0  j=0)
INFO:root:Predicted -> Case No. 1454: [(0, 2), (1, 1), (2, 1), (5, 1), (1, 2), (1, 0)] - verified (k=0  j=0)
INFO:root:Predicted -> Case No. 1458: [(0, 3), (1, 1), (1, 1)] - violated (k=0  j=0)
INFO:root:Predicted -> Case No. 1462: [(0, 4), (1, 1), (1, 1)] - violated (k=0  j=0)
INFO:root:Predicted -> Case No. 1466: [(0, 3), (1, 3), (1, 1)] - violated (k=0  j=0)
INFO:root:Predicted -> Case No. 1470: [(0, 0), (1, 2), (2, 1), (5, 1), (1, 1), (1, 0)] - verified (k=0  j=0)
INFO:root:Predicted -> Case No. 1474: [(0, 1), (1, 2), (1, 1)] - violated (k=0  j=0)
INFO:root:Predicted -> Case No. 1478: [(0, 2), (1, 2), (1, 1)] - violated (k=0  j=0)
INFO:root:Predicted -> Case No. 1482: [(0, 3), (1, 2), (2, 1), (5, 1), (1, 1), (1, 0)] - verified (k=0  j=0)
INFO:root:Predicted -> Case No. 1486: [(0, 4), (1, 2), (2, 1), (5, 1), (1, 1), (1, 0)] - verified (k=0  j=0)
INFO:root:Predicted -> Case No. 1490: [(0, 0), (1, 3), (1, 1)] - violated (k=0  j=0)
INFO:root:Predicted -> Case No. 1494: [(0, 0), (1, 4), (2, 1), (5, 1), (1, 1), (1, 0)] - verified (k=0  j=0)
INFO:root:Predicted -> Case No. 1498: [(0, 4), (1, 4), (1, 1), (2, 1), (5, 1), (1, 0)] - verified (k=0  j=0)
INFO:root:Predicted -> Case No. 1502: [(0, 1), (1, 3), (1, 1)] - violated (k=0  j=0)
INFO:root:Predicted -> Case No. 1506: [(0, 1), (1, 4), (1, 1)] - violated (k=0  j=0)
INFO:root:Predicted -> Case No. 1510: [(0, 2), (1, 4), (1, 1)] - violated (k=0  j=0)
INFO:root:Predicted -> Case No. 1514: [(0, 2), (1, 3), (1, 1)] - violated (k=0  j=0)
INFO:root:Predicted -> Case No. 1518: [(0, 3), (1, 3), (1, 1)] - violated (k=0  j=0)
INFO:root:Predicted -> Case No. 1522: [(0, 0), (1, 0), (1, 1)] - violated (k=0  j=0)
INFO:root:Predicted -> Case No. 1526: [(0, 3), (1, 0), (1, 1)] - violated (k=0  j=0)
INFO:root:Predicted -> Case No. 1530: [(0, 1), (1, 0), (1, 1)] - violated (k=0  j=0)
INFO:root:Predicted -> Case No. 1534: [(0, 1), (1, 0), (1, 1)] - violated (k=0  j=0)
INFO:root:Predicted -> Case No. 1538: [(0, 4), (1, 0), (1, 1)] - violated (k=0  j=0)
INFO:root:Predicted -> Case No. 1542: [(0, 2), (1, 0), (1, 1)] - violated (k=0  j=0)
INFO:root:Predicted -> Case No. 1546: [(0, 2), (1, 0), (1, 1)] - violated (k=0  j=0)
INFO:root:Predicted -> Case No. 1550: [(0, 4), (1, 0), (2, 1), (5, 1), (1, 1), (1, 0)] - verified (k=0  j=0)
INFO:root:Predicted -> Case No. 1554: [(0, 3), (1, 0), (1, 1)] - violated (k=0  j=0)
INFO:root:Predicted -> Case No. 1558: [(0, 4), (1, 1), (2, 1), (5, 1), (1, 2), (1, 0)] - verified (k=0  j=0)
INFO:root:Predicted -> Case No. 1562: [(0, 0), (1, 1), (2, 1), (5, 1), (1, 1), (1, 0)] - verified (k=0  j=0)
INFO:root:Predicted -> Case No. 1566: [(0, 0), (1, 1), (1, 1)] - violated (k=0  j=0)
INFO:root:Predicted -> Case No. 1570: [(0, 4), (1, 1), (1, 1)] - violated (k=0  j=0)
INFO:root:Predicted -> Case No. 1574: [(0, 1), (1, 1), (2, 1), (5, 1), (1, 1), (1, 0)] - verified (k=0  j=0)
INFO:root:Predicted -> Case No. 1578: [(0, 1), (1, 1), (2, 1), (5, 1), (1, 2), (1, 0)] - verified (k=0  j=0)
INFO:root:Predicted -> Case No. 1582: [(0, 2), (1, 1), (2, 1), (5, 1), (1, 2), (1, 0)] - verified (k=0  j=0)
INFO:root:Predicted -> Case No. 1586: [(0, 2), (1, 1), (1, 1)] - violated (k=0  j=0)
INFO:root:Predicted -> Case No. 1590: [(0, 3), (1, 1), (2, 1), (5, 1), (1, 2), (1, 0)] - verified (k=0  j=0)
INFO:root:Predicted -> Case No. 1594: [(0, 3), (1, 1), (2, 1), (5, 1), (1, 2), (1, 0)] - verified (k=0  j=0)
INFO:root:Predicted -> Case No. 1598: [(0, 3), (1, 2), (1, 1)] - violated (k=0  j=0)
INFO:root:Predicted -> Case No. 1602: [(0, 0), (1, 2), (1, 1)] - violated (k=0  j=0)
INFO:root:Predicted -> Case No. 1606: [(0, 0), (1, 2), (1, 1)] - violated (k=0  j=0)
INFO:root:Predicted -> Case No. 1610: [(0, 4), (1, 2), (2, 1), (5, 1), (1, 2), (1, 0)] - verified (k=0  j=0)
INFO:root:Predicted -> Case No. 1614: [(0, 1), (1, 2), (2, 1), (5, 1), (1, 2), (1, 0)] - verified (k=0  j=0)
INFO:root:Predicted -> Case No. 1618: [(0, 1), (1, 2), (1, 1)] - violated (k=0  j=0)
INFO:root:Predicted -> Case No. 1622: [(0, 4), (1, 2), (1, 1)] - violated (k=0  j=0)
INFO:root:Predicted -> Case No. 1626: [(0, 2), (1, 2), (2, 1), (5, 1), (1, 2), (1, 0)] - verified (k=0  j=0)
INFO:root:Predicted -> Case No. 1630: [(0, 2), (1, 2), (1, 1)] - violated (k=0  j=0)
INFO:root:Predicted -> Case No. 1634: [(0, 3), (1, 2), (2, 1), (5, 1), (1, 2), (1, 0)] - verified (k=0  j=0)
INFO:root:Predicted -> Case No. 1638: [(0, 3), (1, 3), (2, 1), (5, 1), (1, 2), (1, 0)] - verified (k=0  j=0)
INFO:root:Predicted -> Case No. 1642: [(0, 0), (1, 3), (1, 1)] - violated (k=0  j=0)
INFO:root:Predicted -> Case No. 1646: [(0, 0), (1, 4), (1, 1)] - violated (k=0  j=0)
INFO:root:Predicted -> Case No. 1650: [(0, 0), (1, 4), (1, 1)] - violated (k=0  j=0)
INFO:root:Predicted -> Case No. 1654: [(0, 0), (1, 3), (1, 1)] - violated (k=0  j=0)
INFO:root:Predicted -> Case No. 1658: [(0, 4), (1, 4), (1, 1)] - violated (k=0  j=0)
INFO:root:Predicted -> Case No. 1662: [(0, 1), (1, 3), (1, 1)] - violated (k=0  j=0)
INFO:root:Predicted -> Case No. 1666: [(0, 1), (1, 4), (1, 1)] - violated (k=0  j=0)
INFO:root:Predicted -> Case No. 1670: [(0, 1), (1, 4), (1, 1)] - violated (k=0  j=0)
INFO:root:Predicted -> Case No. 1674: [(0, 1), (1, 3), (2, 1), (5, 1), (1, 2), (1, 0)] - verified (k=0  j=0)
INFO:root:Predicted -> Case No. 1678: [(0, 4), (1, 4), (1, 1)] - violated (k=0  j=0)
INFO:root:Predicted -> Case No. 1682: [(0, 2), (1, 3), (1, 1)] - violated (k=0  j=0)
INFO:root:Predicted -> Case No. 1686: [(0, 2), (1, 4), (1, 1)] - violated (k=0  j=0)
INFO:root:Predicted -> Case No. 1690: [(0, 2), (1, 4), (1, 1)] - violated (k=0  j=0)
INFO:root:Predicted -> Case No. 1694: [(0, 2), (1, 3), (1, 1)] - violated (k=0  j=0)
INFO:root:Predicted -> Case No. 1698: [(0, 4), (1, 3), (1, 1)] - violated (k=0  j=0)
INFO:root:Prefix size: 3
INFO:root:Traces verified: 0 out of 640
INFO:root:Testing set: 
INFO:root:Prefix size: 4
INFO:root:Traces verified: 0 out of 640
INFO:root:Testing set: 
